


ARM Macro Assembler    Page 1 


    1 00000000                 AREA             RESET, DATA, READONLY
    2 00000000                 EXPORT           __Vectors
    3 00000000         __Vectors
    4 00000000 10001000        DCD              0X10001000
    5 00000004 00000000        DCD              Reset_Handler
    6 00000008                 ALIGN
    7 00000008                 AREA             mycode, CODE, READONLY
    8 00000000                 ENTRY
    9 00000000                 EXPORT           Reset_Handler
   10 00000000         
   11 00000000         Reset_Handler
   12 00000000 4802            LDR              R0,=0X10000008
   13 00000002 4903            LDR              R1,=0X10000018
   14 00000004 4A03            LDR              R2,=0X12345678
   15 00000006         ;LDR R3,R2
   16 00000006 600B            STR              R3,[R1]
   17 00000008 6801            LDR              R1,[R0]
   18 0000000A         STOP
   19 0000000A E7FE            B                STOP
   20 0000000C         
   21 0000000C 10000008 
              10000018 
              12345678         AREA             mydata, DATA, READWRITE
   22 00000000                 END
Command Line: --debug --xref --cpu=Cortex-M3 --apcs=interwork --depend=new.d -o
new.o -IC:\Keil\ARM\RV31\INC -IC:\Keil\ARM\CMSIS\Include -IC:\Keil\ARM\Inc\NXP\
LPC17xx --predefine="__EVAL SETA 1" --list=new.lst new.asm



ARM Macro Assembler    Page 1 Alphabetic symbol ordering
Relocatable symbols

RESET 00000000

Symbol: RESET
   Definitions
      At line 1 in file new.asm
   Uses
      None
Comment: RESET unused
__Vectors 00000000

Symbol: __Vectors
   Definitions
      At line 3 in file new.asm
   Uses
      At line 2 in file new.asm
Comment: __Vectors used once
2 symbols



ARM Macro Assembler    Page 1 Alphabetic symbol ordering
Relocatable symbols

Reset_Handler 00000000

Symbol: Reset_Handler
   Definitions
      At line 11 in file new.asm
   Uses
      At line 5 in file new.asm
      At line 9 in file new.asm

STOP 0000000A

Symbol: STOP
   Definitions
      At line 18 in file new.asm
   Uses
      At line 19 in file new.asm
Comment: STOP used once
mycode 00000000

Symbol: mycode
   Definitions
      At line 7 in file new.asm
   Uses
      None
Comment: mycode unused
3 symbols



ARM Macro Assembler    Page 1 Alphabetic symbol ordering
Relocatable symbols

mydata 00000000

Symbol: mydata
   Definitions
      At line 21 in file new.asm
   Uses
      None
Comment: mydata unused
1 symbol
339 symbols in table
