


ARM Macro Assembler    Page 1 


    1 00000000                 AREA             RESET, DATA, READONLY
    2 00000000                 EXPORT           __Vectors
    3 00000000         __Vectors
    4 00000000 10001000        DCD              0X10001000
    5 00000004 00000000        DCD              Reset_Handler
    6 00000008                 ALIGN
    7 00000008                 AREA             mycode, CODE, READONLY
    8 00000000                 ENTRY
    9 00000000                 EXPORT           Reset_Handler
   10 00000000         
   11 00000000         Reset_Handler
   12 00000000 F04F 0001       LDR              R0,=0x01
   13 00000004         ;STR R0,R1
   14 00000004 F04F 5180       LDR              R1,=0X10000000
   15 00000008 6008            STR              R0,[R1]
   16 0000000A         STOP
   17 0000000A E7FE            B                STOP
   18 0000000C         
   19 0000000C                 AREA             mydata, DATA, READWRITE
   20 00000000                 END
Command Line: --debug --xref --cpu=Cortex-M3 --apcs=interwork --depend=NEW2.d -
oNEW2.o -IC:\Keil\ARM\RV31\INC -IC:\Keil\ARM\CMSIS\Include -IC:\Keil\ARM\Inc\NX
P\LPC17xx --predefine="__EVAL SETA 1" --list=NEW2.lst NEW2.asm



ARM Macro Assembler    Page 1 Alphabetic symbol ordering
Relocatable symbols

RESET 00000000

Symbol: RESET
   Definitions
      At line 1 in file NEW2.asm
   Uses
      None
Comment: RESET unused
__Vectors 00000000

Symbol: __Vectors
   Definitions
      At line 3 in file NEW2.asm
   Uses
      At line 2 in file NEW2.asm
Comment: __Vectors used once
2 symbols



ARM Macro Assembler    Page 1 Alphabetic symbol ordering
Relocatable symbols

Reset_Handler 00000000

Symbol: Reset_Handler
   Definitions
      At line 11 in file NEW2.asm
   Uses
      At line 5 in file NEW2.asm
      At line 9 in file NEW2.asm

STOP 0000000A

Symbol: STOP
   Definitions
      At line 16 in file NEW2.asm
   Uses
      At line 17 in file NEW2.asm
Comment: STOP used once
mycode 00000000

Symbol: mycode
   Definitions
      At line 7 in file NEW2.asm
   Uses
      None
Comment: mycode unused
3 symbols



ARM Macro Assembler    Page 1 Alphabetic symbol ordering
Relocatable symbols

mydata 00000000

Symbol: mydata
   Definitions
      At line 19 in file NEW2.asm
   Uses
      None
Comment: mydata unused
1 symbol
337 symbols in table
